<?xml version="1.0" encoding="UTF-8"?>
<testng-results ignored="0" total="1" passed="1" failed="0" skipped="0">
  <reporter-output>
  </reporter-output>
  <suite started-at="2022-11-02T08:31:37 IST" name="Default suite" finished-at="2022-11-02T08:31:52 IST" duration-ms="14423">
    <groups>
    </groups>
    <test started-at="2022-11-02T08:31:37 IST" name="Default test" finished-at="2022-11-02T08:31:52 IST" duration-ms="14423">
      <class name="basic_automation.Singletest1">
        <test-method is-config="true" signature="openbroser()[pri:0, instance:basic_automation.Singletest1@5d0a1059]" started-at="2022-11-02T08:31:34 IST" name="openbroser" finished-at="2022-11-02T08:31:37 IST" duration-ms="3382" status="PASS">
          <reporter-output>
          </reporter-output>
        </test-method> <!-- openbroser -->
        <test-method is-config="true" signature="url()[pri:0, instance:basic_automation.Singletest1@5d0a1059]" started-at="2022-11-02T08:31:37 IST" name="url" finished-at="2022-11-02T08:31:42 IST" duration-ms="4889" status="PASS">
          <reporter-output>
          </reporter-output>
        </test-method> <!-- url -->
        <test-method is-config="true" signature="maximize()[pri:0, instance:basic_automation.Singletest1@5d0a1059]" started-at="2022-11-02T08:31:42 IST" name="maximize" finished-at="2022-11-02T08:31:43 IST" duration-ms="457" status="PASS">
          <reporter-output>
          </reporter-output>
        </test-method> <!-- maximize -->
        <test-method is-config="true" signature="getcookies()[pri:0, instance:basic_automation.Singletest1@5d0a1059]" started-at="2022-11-02T08:31:43 IST" name="getcookies" finished-at="2022-11-02T08:31:43 IST" duration-ms="1" status="PASS">
          <reporter-output>
          </reporter-output>
        </test-method> <!-- getcookies -->
        <test-method signature="BusinessLogic_one()[pri:0, instance:basic_automation.Singletest1@5d0a1059]" started-at="2022-11-02T08:31:43 IST" name="BusinessLogic_one" finished-at="2022-11-02T08:31:52 IST" duration-ms="9014" status="PASS">
          <reporter-output>
          </reporter-output>
        </test-method> <!-- BusinessLogic_one -->
        <test-method is-config="true" signature="takescreenshot()[pri:0, instance:basic_automation.Singletest1@5d0a1059]" started-at="2022-11-02T08:31:52 IST" name="takescreenshot" finished-at="2022-11-02T08:31:52 IST" duration-ms="1" status="PASS">
          <reporter-output>
          </reporter-output>
        </test-method> <!-- takescreenshot -->
        <test-method is-config="true" signature="dltcookies()[pri:0, instance:basic_automation.Singletest1@5d0a1059]" started-at="2022-11-02T08:31:52 IST" name="dltcookies" finished-at="2022-11-02T08:31:52 IST" duration-ms="0" status="PASS">
          <reporter-output>
          </reporter-output>
        </test-method> <!-- dltcookies -->
        <test-method is-config="true" signature="dbconnectionclosed()[pri:0, instance:basic_automation.Singletest1@5d0a1059]" started-at="2022-11-02T08:31:52 IST" name="dbconnectionclosed" finished-at="2022-11-02T08:31:52 IST" duration-ms="4" status="PASS">
          <reporter-output>
          </reporter-output>
        </test-method> <!-- dbconnectionclosed -->
        <test-method is-config="true" signature="closebrowser()[pri:0, instance:basic_automation.Singletest1@5d0a1059]" started-at="2022-11-02T08:31:52 IST" name="closebrowser" finished-at="2022-11-02T08:31:52 IST" duration-ms="0" status="PASS">
          <reporter-output>
          </reporter-output>
        </test-method> <!-- closebrowser -->
      </class> <!-- basic_automation.Singletest1 -->
    </test> <!-- Default test -->
  </suite> <!-- Default suite -->
</testng-results>
